[uDD::Log][2024-05-31 11:51:02] Start
[uDD::Log][2024-05-31 11:51:02] OS Version    : 10.0
[uDD::Log][2024-05-31 11:51:02] Build Number  : 19045
[uDD::Log][2024-05-31 11:51:02] Service Pack  : 
[uDD::Log][2024-05-31 11:51:02] Graphics Card [0] : NVIDIA GeForce RTX 3090
[uDD::Log][2024-05-31 11:51:02]   > Monitor[0] : \\.\DISPLAY2
[uDD::Log][2024-05-31 11:51:02]   > Monitor[1] : \\.\DISPLAY1
[uDD::Log][2024-05-31 11:51:02]   > Monitor[2] : \\.\DISPLAY3
[uDD::Log][2024-05-31 11:51:02]   > Monitor[3] : \\.\DISPLAY4
[uDD::Log][2024-05-31 11:51:02] Graphics Card [1] : Microsoft Basic Render Driver
[uDD::Log][2024-05-31 11:51:02] Monitor::Initialized() =>
[uDD::Log][2024-05-31 11:51:02]     ID    : 0
[uDD::Log][2024-05-31 11:51:02]     Size  : (3840, 2160)
[uDD::Log][2024-05-31 11:51:02]     DPI   : (157, 160)
[uDD::Log][2024-05-31 11:51:02]     Rot   : Landscape
[uDD::Log][2024-05-31 11:51:02] Duplicator::Initialize() => OK.
[uDD::Log][2024-05-31 11:51:02] Monitor::Initialized() =>
[uDD::Log][2024-05-31 11:51:02]     ID    : 1
[uDD::Log][2024-05-31 11:51:02]     Size  : (1920, 1080)
[uDD::Log][2024-05-31 11:51:02]     DPI   : (81, 81)
[uDD::Log][2024-05-31 11:51:02]     Rot   : Landscape
[uDD::Log][2024-05-31 11:51:02] Duplicator::Initialize() => OK.
[uDD::Log][2024-05-31 11:51:02] Monitor::Initialized() =>
[uDD::Log][2024-05-31 11:51:02]     ID    : 2
[uDD::Log][2024-05-31 11:51:02]     Size  : (1920, 1080)
[uDD::Log][2024-05-31 11:51:02]     DPI   : (88, 88)
[uDD::Log][2024-05-31 11:51:02]     Rot   : Landscape
[uDD::Log][2024-05-31 11:51:02] Duplicator::Initialize() => OK.
[uDD::Err][2024-05-31 11:51:02] Monitor::Initialize() => GetDpiForMonitor() failed.
[uDD::Log][2024-05-31 11:51:02] Monitor::Initialized() =>
[uDD::Log][2024-05-31 11:51:02]     ID    : 3
[uDD::Log][2024-05-31 11:51:02]     Size  : (1920, 1080)
[uDD::Log][2024-05-31 11:51:02]     DPI   : (0, 0)
[uDD::Log][2024-05-31 11:51:02]     Rot   : Landscape
[uDD::Log][2024-05-31 11:51:02] Duplicator::Initialize() => OK.
[uDD::Log][2024-05-31 11:52:02] Stop
